<?xml version="1.0" encoding="UTF-8"?>
<!-- Generated by org.testng.reporters.JUnitReportReporter -->
<testsuite skipped="0" hostname="dell" name="tests.Proba" tests="1" failures="0" timestamp="2021-06-08T21:23:00 CEST" time="5.514" errors="0">
  <testcase name="test" time="5.514" classname="tests.Proba"/>
  <system-out/>
</testsuite> <!-- tests.Proba -->
