<?xml version="1.0" encoding="UTF-8"?>
<!-- Generated by org.testng.reporters.JUnitReportReporter -->
<testsuite skipped="0" hostname="dell" name="tests.LogInTests" tests="4" failures="0" timestamp="2021-06-11T23:10:22 CEST" time="30.053" errors="0">
  <testcase name="logInValidCredentials" time="9.318" classname="tests.LogInTests"/>
  <system-out/>
  <testcase name="logInInvalidPassword" time="8.840" classname="tests.LogInTests"/>
  <system-out/>
  <testcase name="logInInvalidEmailAddress" time="5.297" classname="tests.LogInTests"/>
  <system-out/>
  <testcase name="logInEmptyCredentials" time="6.598" classname="tests.LogInTests"/>
  <system-out/>
</testsuite> <!-- tests.LogInTests -->
