<?xml version="1.0" encoding="UTF-8"?>
<!-- Generated by org.testng.reporters.JUnitReportReporter -->
<testsuite skipped="0" hostname="dell" name="tests.LogOutTests" tests="1" failures="0" timestamp="2021-06-15T22:07:11 CEST" time="10.000" errors="0">
  <testcase name="logOut" time="10.000" classname="tests.LogOutTests"/>
  <system-out/>
</testsuite> <!-- tests.LogOutTests -->
