<?xml version="1.0" encoding="UTF-8"?>
<!-- Generated by org.testng.reporters.JUnitReportReporter -->
<testsuite skipped="0" hostname="dell" name="tests.MyPersonalInformationTests" tests="2" failures="0" timestamp="2021-06-15T22:44:19 CEST" time="32.359" errors="0">
  <testcase name="emptyPasswordTest" time="24.272" classname="tests.MyPersonalInformationTests"/>
  <system-out/>
  <testcase name="invalidPasswordTest" time="8.087" classname="tests.MyPersonalInformationTests"/>
  <system-out/>
</testsuite> <!-- tests.MyPersonalInformationTests -->
