<?xml version="1.0" encoding="UTF-8"?>
<!-- Generated by org.testng.reporters.JUnitReportReporter -->
<testsuite skipped="0" hostname="dell" name="tests.CartTests" tests="1" failures="0" timestamp="2021-06-15T23:44:31 CEST" time="18.458" errors="0">
  <testcase name="addOneProductToCartThreeTimesTest" time="18.458" classname="tests.CartTests"/>
  <system-out/>
</testsuite> <!-- tests.CartTests -->
