<?xml version="1.0" encoding="UTF-8"?>
<!-- Generated by org.testng.reporters.JUnitReportReporter -->
<testsuite skipped="0" hostname="dell" name="tests.MyWishlistsTests" tests="3" failures="0" timestamp="2021-06-15T22:29:20 CEST" time="39.075" errors="0">
  <testcase name="addOneWishlistTest" time="15.564" classname="tests.MyWishlistsTests"/>
  <system-out/>
  <testcase name="addSeveralWishlistTest" time="12.530" classname="tests.MyWishlistsTests"/>
  <system-out/>
  <testcase name="deleteOneWishlistTest" time="10.981" classname="tests.MyWishlistsTests"/>
  <system-out/>
</testsuite> <!-- tests.MyWishlistsTests -->
