<?xml version="1.0" encoding="UTF-8"?>
<!-- Generated by org.testng.reporters.JUnitReportReporter -->
<testsuite skipped="0" hostname="dell" name="tests.LogInTests" tests="4" failures="0" timestamp="2021-06-12T22:15:50 CEST" time="33.144" errors="0">
  <testcase name="logInValidCredentials" time="4.804" classname="tests.LogInTests"/>
  <system-out/>
  <testcase name="logInInvalidPassword" time="9.270" classname="tests.LogInTests"/>
  <system-out/>
  <testcase name="logInInvalidEmailAddress" time="8.717" classname="tests.LogInTests"/>
  <system-out/>
  <testcase name="logInEmptyCredentials" time="10.353" classname="tests.LogInTests"/>
  <system-out/>
</testsuite> <!-- tests.LogInTests -->
