<?xml version="1.0" encoding="UTF-8"?>
<!-- Generated by org.testng.reporters.JUnitReportReporter -->
<testsuite skipped="0" hostname="dell" name="tests.MyPesonalInformationTests" tests="1" failures="0" timestamp="2021-06-13T01:04:11 CEST" time="9.318" errors="0">
  <testcase name="invalidPasswordTest" time="9.318" classname="tests.MyPesonalInformationTests"/>
  <system-out/>
</testsuite> <!-- tests.MyPesonalInformationTests -->
