<?xml version="1.0" encoding="UTF-8"?>
<!-- Generated by org.testng.reporters.JUnitReportReporter -->
<testsuite skipped="0" hostname="dell" name="tests.MyAddressTests" tests="3" failures="0" timestamp="2021-06-15T22:34:14 CEST" time="47.332" errors="0">
  <testcase name="updateAddressTest" time="15.675" classname="tests.MyAddressTests"/>
  <system-out/>
  <testcase name="addNewAddressTest" time="20.599" classname="tests.MyAddressTests"/>
  <system-out/>
  <testcase name="removeAddressTest" time="11.058" classname="tests.MyAddressTests"/>
  <system-out/>
</testsuite> <!-- tests.MyAddressTests -->
