<?xml version="1.0" encoding="UTF-8"?>
<!-- Generated by org.testng.reporters.JUnitReportReporter -->
<testsuite skipped="0" hostname="dell" name="tests.LogInTests" tests="4" failures="0" timestamp="2021-06-15T22:21:52 CEST" time="25.927" errors="0">
  <testcase name="logInValidCredentials" time="7.476" classname="tests.LogInTests"/>
  <system-out/>
  <testcase name="logInInvalidPassword" time="6.335" classname="tests.LogInTests"/>
  <system-out/>
  <testcase name="logInInvalidEmailAddress" time="5.198" classname="tests.LogInTests"/>
  <system-out/>
  <testcase name="logInEmptyCredentials" time="6.918" classname="tests.LogInTests"/>
  <system-out/>
</testsuite> <!-- tests.LogInTests -->
