<?xml version="1.0" encoding="UTF-8"?>
<!-- Generated by org.testng.reporters.JUnitReportReporter -->
<testsuite skipped="0" hostname="dell" name="tests.MyWishlistsTests" tests="1" failures="0" timestamp="2021-06-14T15:02:16 CEST" time="26.964" errors="0">
  <testcase name="deleteOneWishlistTest" time="26.964" classname="tests.MyWishlistsTests"/>
  <system-out/>
</testsuite> <!-- tests.MyWishlistsTests -->
