<?xml version="1.0" encoding="UTF-8"?>
<!-- Generated by org.testng.reporters.JUnitReportReporter -->
<testsuite skipped="0" hostname="dell" name="tests.AddressTests" tests="1" failures="0" timestamp="2021-06-12T18:26:53 CEST" time="16.411" errors="0">
  <testcase name="removeAddressTest" time="16.411" classname="tests.AddressTests"/>
  <system-out/>
</testsuite> <!-- tests.AddressTests -->
